<?xml version="1.0" encoding="UTF-8"?>
<!-- Generated by org.testng.reporters.JUnitReportReporter -->
<testsuite hostname="DESKTOP-773JB5A" failures="0" tests="1" name="TestClasses.checklogifunctionality" time="6.801" errors="0" timestamp="2022-10-11T12:13:09 IST" skipped="0">
  <testcase classname="TestClasses.checklogifunctionality" name="Checklogifunctionality" time="6.801"/>
  <system-out>
    <![CDATA[Enter Mobile number
Enter password]]>
  </system-out>
</testsuite> <!-- TestClasses.checklogifunctionality -->
