<?xml version="1.0" encoding="UTF-8"?>
<!-- Generated by org.testng.reporters.JUnitReportReporter -->
<testsuite hostname="DESKTOP-773JB5A" failures="0" tests="2" name="TestClasses.verifyusercangetlowestprizeproduct" time="11.075" errors="0" timestamp="2022-10-11T12:13:09 IST" skipped="0">
  <testcase classname="TestClasses.verifyusercangetlowestprizeproduct" name="verifyusercansearchproduct" time="6.402"/>
  <system-out/>
  <testcase classname="TestClasses.verifyusercangetlowestprizeproduct" name="Verifyusercangetlowestprizeproduct" time="4.673"/>
  <system-out/>
</testsuite> <!-- TestClasses.verifyusercangetlowestprizeproduct -->
