<?xml version="1.0" encoding="UTF-8"?>
<!-- Generated by org.testng.reporters.JUnitReportReporter -->
<testsuite hostname="DESKTOP-773JB5A" failures="0" tests="3" name="TestClasses.verifyusercanopenprofiledeetail" time="16.463" errors="0" timestamp="2022-10-11T12:13:09 IST" skipped="0">
  <testcase classname="TestClasses.verifyusercanopenprofiledeetail" name="Verifyusercanopenprofiledeetail" time="3.322"/>
  <system-out/>
  <testcase classname="TestClasses.verifyusercanopenprofiledeetail" name="verifyusercanaddaddress" time="6.557"/>
  <system-out/>
  <testcase classname="TestClasses.verifyusercanopenprofiledeetail" name="verifyusercanaddaddress" time="6.584"/>
  <system-out/>
</testsuite> <!-- TestClasses.verifyusercanopenprofiledeetail -->
